Flutter crash report.
Please report a bug at https://github.com/flutter/flutter/issues.

## command

flutter run -d 00008110-0008388602A0401E --profile

## exception

String: failed to connect to http://127.0.0.1:60107/DzUNcE3f4bY=/ DartDevelopmentServiceException: Failed to start Dart Development Service

```
```

## flutter doctor

```
[32m[✓][39m Flutter (Channel stable, 3.32.2, on macOS 15.5 24F74 darwin-arm64, locale en-US) [129ms]
    [32m•[39m Flutter version 3.32.2 on channel stable at /Users/esrakadah/fvm/versions/3.32.2
    [32m•[39m Upstream repository https://github.com/flutter/flutter.git
    [32m•[39m Framework revision 8defaa71a7 (5 weeks ago), 2025-06-04 11:02:51 -0700
    [32m•[39m Engine revision 1091508939
    [32m•[39m Dart version 3.8.1
    [32m•[39m DevTools version 2.45.1

[33m[!][39m Android toolchain - develop for Android devices (Android SDK version 34.0.0) [167ms]
    [32m•[39m Android SDK at /Users/esrakadah/Library/Android/sdk
    [31m✗[39m cmdline-tools component is missing.
      Try installing or updating Android Studio.
      Alternatively, download the tools from https://developer.android.com/studio#command-line-tools-only
      and make sure to set the ANDROID_HOME environment variable.
      See https://developer.android.com/studio/command-line for more details.
    [31m✗[39m Android license status unknown.
      Run `flutter doctor --android-licenses` to accept the SDK licenses.
      See https://flutter.dev/to/macos-android-setup for more details.

[32m[✓][39m Xcode - develop for iOS and macOS (Xcode 16.4) [607ms]
    [32m•[39m Xcode at /Applications/Xcode.app/Contents/Developer
    [32m•[39m Build 16F6
    [32m•[39m CocoaPods version 1.16.2

[32m[✓][39m Chrome - develop for the web [4ms]
    [32m•[39m Chrome at /Applications/Google Chrome.app/Contents/MacOS/Google Chrome

[32m[✓][39m Android Studio (version 2025.1.2) [4ms]
    [32m•[39m Android Studio at /Applications/Android Studio Preview.app/Contents
    [32m•[39m Flutter plugin can be installed from:
      🔨 https://plugins.jetbrains.com/plugin/9212-flutter
    [32m•[39m Dart plugin can be installed from:
      🔨 https://plugins.jetbrains.com/plugin/6351-dart
    [32m•[39m Java version OpenJDK Runtime Environment (build 21.0.6+-13391695-b895.109)

[32m[✓][39m Android Studio (version 2023.2) [3ms]
    [32m•[39m Android Studio at /Applications/Android Studio.app/Contents
    [32m•[39m Flutter plugin can be installed from:
      🔨 https://plugins.jetbrains.com/plugin/9212-flutter
    [32m•[39m Dart plugin can be installed from:
      🔨 https://plugins.jetbrains.com/plugin/6351-dart
    [32m•[39m Java version OpenJDK Runtime Environment (build 17.0.9+0-17.0.9b1087.7-11185874)

[32m[✓][39m VS Code (version 1.100.0) [3ms]
    [32m•[39m VS Code at /Applications/Visual Studio Code.app/Contents
    [32m•[39m Flutter extension version 3.112.0

[32m[✓][39m Connected device (3 available) [6.0s]
    [32m•[39m Esra’s iPhone (2) (mobile) • 00008110-0008388602A0401E • ios            • iOS 26.0 23A5276f
    [32m•[39m macOS (desktop)            • macos                     • darwin-arm64   • macOS 15.5 24F74
      darwin-arm64
    [32m•[39m Chrome (web)               • chrome                    • web-javascript • Google Chrome 138.0.7204.94

[32m[✓][39m Network resources [1,083ms]
    [32m•[39m All expected network resources are available.

[33m![39m Doctor found issues in 1 category.
```
